app/build/intermediates/manifest_merge_blame_file/debug/processDebugMainManifest/manifest-merger-blame-debug-report.txt
1<?xml version="1.0" encoding="utf-8"?>
2<!--
3    Copyright 2019 Google Inc. All Rights Reserved.
4
5     Licensed under the Apache License, Version 2.0 (the "License");
6     you may not use this file except in compliance with the License.
7     You may obtain a copy of the License at
8
9         http://www.apache.org/licenses/LICENSE-2.0
10
11     Unless required by applicable law or agreed to in writing, software
12     distributed under the License is distributed on an "AS IS" BASIS,
13     WITHOUT WARRANTIES OR CONDITIONS OF ANY KIND, either express or implied.
14     See the License for the specific language governing permissions and
15     limitations under the License.
16-->
17<!--
18 The "package" attribute is rewritten by the Gradle build with the value of applicationId.
19     It is still required here, as it is used to derive paths, for instance when referring
20     to an Activity by ".MyActivity" instead of the full name. If more Activities are added to the
21     application, the package attribute will need to reflect the correct path in order to use
22     the abbreviated format.
23-->
24<manifest xmlns:android="http://schemas.android.com/apk/res/android"
25    package="id.web.amifistore.twa"
26    android:versionCode="1"
27    android:versionName="1" >
28
29    <uses-sdk
30        android:minSdkVersion="21"
31        android:targetSdkVersion="35" />
32
33    <uses-permission android:name="android.permission.POST_NOTIFICATIONS" />
33-->src/main/AndroidManifest.xml:26:9-80
33-->src/main/AndroidManifest.xml:26:26-78
34    <uses-permission android:name="android.permission.ACCESS_FINE_LOCATION" />
34-->[com.google.androidbrowserhelper:locationdelegation:1.1.2] AndroidManifest.xml:7:5-79
34-->[com.google.androidbrowserhelper:locationdelegation:1.1.2] AndroidManifest.xml:7:22-76
35    <uses-permission android:name="android.permission.ACCESS_COARSE_LOCATION" />
35-->[com.google.androidbrowserhelper:locationdelegation:1.1.2] AndroidManifest.xml:8:5-81
35-->[com.google.androidbrowserhelper:locationdelegation:1.1.2] AndroidManifest.xml:8:22-78
36
37    <queries>
37-->[com.google.androidbrowserhelper:androidbrowserhelper:2.6.2] AndroidManifest.xml:22:5-30:15
38        <intent>
38-->[com.google.androidbrowserhelper:androidbrowserhelper:2.6.2] AndroidManifest.xml:23:9-29:18
39            <action android:name="android.intent.action.VIEW" />
39-->src/main/AndroidManifest.xml:148:17-68
39-->src/main/AndroidManifest.xml:148:25-66
40
41            <category android:name="android.intent.category.BROWSABLE" />
41-->src/main/AndroidManifest.xml:150:17-77
41-->src/main/AndroidManifest.xml:150:27-75
42
43            <data android:scheme="https" />
43-->src/main/AndroidManifest.xml:151:17-154:19
43-->src/main/AndroidManifest.xml:151:23-45
44        </intent>
45        <intent>
45-->[com.android.billingclient:billing:7.1.1] AndroidManifest.xml:13:9-15:18
46            <action android:name="com.android.vending.billing.InAppBillingService.BIND" />
46-->[com.android.billingclient:billing:7.1.1] AndroidManifest.xml:14:13-91
46-->[com.android.billingclient:billing:7.1.1] AndroidManifest.xml:14:21-88
47        </intent>
48        <intent>
48-->[com.android.billingclient:billing:7.1.1] AndroidManifest.xml:16:9-18:18
49            <action android:name="com.google.android.apps.play.billingtestcompanion.BillingOverrideService.BIND" />
49-->[com.android.billingclient:billing:7.1.1] AndroidManifest.xml:17:13-116
49-->[com.android.billingclient:billing:7.1.1] AndroidManifest.xml:17:21-113
50        </intent>
51    </queries>
52
53    <uses-permission android:name="com.android.vending.BILLING" />
53-->[com.android.billingclient:billing:7.1.1] AndroidManifest.xml:10:5-67
53-->[com.android.billingclient:billing:7.1.1] AndroidManifest.xml:10:22-64
54
55    <permission
55-->[androidx.core:core:1.13.0] AndroidManifest.xml:22:5-24:47
56        android:name="id.web.amifistore.twa.DYNAMIC_RECEIVER_NOT_EXPORTED_PERMISSION"
56-->[androidx.core:core:1.13.0] AndroidManifest.xml:23:9-81
57        android:protectionLevel="signature" />
57-->[androidx.core:core:1.13.0] AndroidManifest.xml:24:9-44
58
59    <uses-permission android:name="id.web.amifistore.twa.DYNAMIC_RECEIVER_NOT_EXPORTED_PERMISSION" /> <!-- Although the *SdkVersion is captured in gradle build files, this is required for non gradle builds -->
59-->[androidx.core:core:1.13.0] AndroidManifest.xml:26:5-97
59-->[androidx.core:core:1.13.0] AndroidManifest.xml:26:22-94
60    <!-- <uses-sdk android:minSdkVersion="14"/> -->
61    <uses-permission android:name="android.permission.ACCESS_NETWORK_STATE" />
61-->[com.google.android.datatransport:transport-backend-cct:3.1.8] AndroidManifest.xml:24:5-79
61-->[com.google.android.datatransport:transport-backend-cct:3.1.8] AndroidManifest.xml:24:22-76
62    <uses-permission android:name="android.permission.INTERNET" />
62-->[com.google.android.datatransport:transport-backend-cct:3.1.8] AndroidManifest.xml:25:5-67
62-->[com.google.android.datatransport:transport-backend-cct:3.1.8] AndroidManifest.xml:25:22-64
63
64    <application
64-->src/main/AndroidManifest.xml:35:5-227:19
65        android:name="id.web.amifistore.twa.Application"
65-->src/main/AndroidManifest.xml:36:9-35
66        android:allowBackup="true"
66-->src/main/AndroidManifest.xml:37:9-35
67        android:appComponentFactory="androidx.core.app.CoreComponentFactory"
67-->[androidx.core:core:1.13.0] AndroidManifest.xml:28:18-86
68        android:debuggable="true"
69        android:extractNativeLibs="true"
70        android:icon="@mipmap/ic_launcher"
70-->src/main/AndroidManifest.xml:38:9-43
71        android:label="@string/appName"
71-->src/main/AndroidManifest.xml:39:9-40
72        android:manageSpaceActivity="com.google.androidbrowserhelper.trusted.ManageDataLauncherActivity"
72-->src/main/AndroidManifest.xml:41:9-105
73        android:supportsRtl="true"
73-->src/main/AndroidManifest.xml:43:9-35
74        android:theme="@android:style/Theme.Translucent.NoTitleBar" >
74-->src/main/AndroidManifest.xml:44:9-68
75        <meta-data
75-->src/main/AndroidManifest.xml:46:9-48:58
76            android:name="asset_statements"
76-->src/main/AndroidManifest.xml:47:13-44
77            android:resource="@string/assetStatements" />
77-->src/main/AndroidManifest.xml:48:13-55
78        <meta-data
78-->src/main/AndroidManifest.xml:51:13-53:58
79            android:name="web_manifest_url"
79-->src/main/AndroidManifest.xml:52:17-48
80            android:value="@string/webManifestUrl" />
80-->src/main/AndroidManifest.xml:53:17-55
81        <meta-data
81-->src/main/AndroidManifest.xml:56:9-58:52
82            android:name="twa_generator"
82-->src/main/AndroidManifest.xml:57:13-41
83            android:value="@string/generatorApp" />
83-->src/main/AndroidManifest.xml:58:13-49
84
85        <activity
85-->src/main/AndroidManifest.xml:65:13-76:24
86            android:name="com.google.androidbrowserhelper.trusted.ManageDataLauncherActivity"
86-->src/main/AndroidManifest.xml:65:23-104
87            android:enabled="true"
87-->src/main/AndroidManifest.xml:67:17-39
88            android:excludeFromRecents="true"
88-->src/main/AndroidManifest.xml:68:17-50
89            android:exported="false" >
89-->src/main/AndroidManifest.xml:66:17-41
90            <meta-data
90-->src/main/AndroidManifest.xml:69:17-71:57
91                android:name="android.support.customtabs.trusted.MANAGE_SPACE_URL"
91-->src/main/AndroidManifest.xml:70:21-87
92                android:value="@string/launchUrl" />
92-->src/main/AndroidManifest.xml:71:21-54
93
94            <intent-filter>
94-->src/main/AndroidManifest.xml:72:17-75:33
95                <action android:name="android.intent.action.APPLICATION_PREFERENCES" />
95-->src/main/AndroidManifest.xml:73:21-92
95-->src/main/AndroidManifest.xml:73:29-89
96
97                <category android:name="android.intent.category.DEFAULT" />
97-->src/main/AndroidManifest.xml:74:21-80
97-->src/main/AndroidManifest.xml:74:31-77
98            </intent-filter>
99        </activity>
100        <activity
100-->src/main/AndroidManifest.xml:79:9-160:20
101            android:name="id.web.amifistore.twa.LauncherActivity"
101-->src/main/AndroidManifest.xml:79:19-50
102            android:alwaysRetainTaskState="true"
102-->src/main/AndroidManifest.xml:80:13-49
103            android:exported="true"
103-->src/main/AndroidManifest.xml:82:13-36
104            android:label="@string/launcherName" >
104-->src/main/AndroidManifest.xml:81:13-49
105            <meta-data
105-->src/main/AndroidManifest.xml:83:13-84:53
106                android:name="android.support.customtabs.trusted.DEFAULT_URL"
106-->src/main/AndroidManifest.xml:83:24-85
107                android:value="@string/launchUrl" />
107-->src/main/AndroidManifest.xml:84:17-50
108            <meta-data
108-->src/main/AndroidManifest.xml:86:13-88:58
109                android:name="android.support.customtabs.trusted.STATUS_BAR_COLOR"
109-->src/main/AndroidManifest.xml:87:17-83
110                android:resource="@color/colorPrimary" />
110-->src/main/AndroidManifest.xml:88:17-55
111            <meta-data
111-->src/main/AndroidManifest.xml:92:13-94:62
112                android:name="android.support.customtabs.trusted.STATUS_BAR_COLOR_DARK"
112-->src/main/AndroidManifest.xml:93:17-88
113                android:resource="@color/colorPrimaryDark" />
113-->src/main/AndroidManifest.xml:94:17-59
114            <meta-data
114-->src/main/AndroidManifest.xml:96:13-98:61
115                android:name="android.support.customtabs.trusted.NAVIGATION_BAR_COLOR"
115-->src/main/AndroidManifest.xml:97:17-87
116                android:resource="@color/navigationColor" />
116-->src/main/AndroidManifest.xml:98:17-58
117            <meta-data
117-->src/main/AndroidManifest.xml:100:13-102:65
118                android:name="android.support.customtabs.trusted.NAVIGATION_BAR_COLOR_DARK"
118-->src/main/AndroidManifest.xml:101:17-92
119                android:resource="@color/navigationColorDark" />
119-->src/main/AndroidManifest.xml:102:17-62
120            <meta-data
120-->src/main/AndroidManifest.xml:104:13-106:68
121                android:name="androix.browser.trusted.NAVIGATION_BAR_DIVIDER_COLOR"
121-->src/main/AndroidManifest.xml:105:17-84
122                android:resource="@color/navigationDividerColor" />
122-->src/main/AndroidManifest.xml:106:17-65
123            <meta-data
123-->src/main/AndroidManifest.xml:108:13-110:72
124                android:name="androix.browser.trusted.NAVIGATION_BAR_DIVIDER_COLOR_DARK"
124-->src/main/AndroidManifest.xml:109:17-89
125                android:resource="@color/navigationDividerColorDark" />
125-->src/main/AndroidManifest.xml:110:17-69
126            <meta-data
126-->src/main/AndroidManifest.xml:112:13-113:54
127                android:name="android.support.customtabs.trusted.SPLASH_IMAGE_DRAWABLE"
127-->src/main/AndroidManifest.xml:112:24-95
128                android:resource="@drawable/splash" />
128-->src/main/AndroidManifest.xml:113:17-52
129            <meta-data
129-->src/main/AndroidManifest.xml:115:13-116:60
130                android:name="android.support.customtabs.trusted.SPLASH_SCREEN_BACKGROUND_COLOR"
130-->src/main/AndroidManifest.xml:115:24-104
131                android:resource="@color/backgroundColor" />
131-->src/main/AndroidManifest.xml:116:17-58
132            <meta-data
132-->src/main/AndroidManifest.xml:118:13-119:71
133                android:name="android.support.customtabs.trusted.SPLASH_SCREEN_FADE_OUT_DURATION"
133-->src/main/AndroidManifest.xml:118:24-105
134                android:value="@integer/splashScreenFadeOutDuration" />
134-->src/main/AndroidManifest.xml:119:17-69
135            <meta-data
135-->src/main/AndroidManifest.xml:121:13-122:60
136                android:name="android.support.customtabs.trusted.FILE_PROVIDER_AUTHORITY"
136-->src/main/AndroidManifest.xml:121:24-97
137                android:value="@string/providerAuthority" />
137-->src/main/AndroidManifest.xml:122:17-58
138            <meta-data
138-->src/main/AndroidManifest.xml:124:13-97
139                android:name="android.app.shortcuts"
139-->src/main/AndroidManifest.xml:124:24-60
140                android:resource="@xml/shortcuts" />
140-->src/main/AndroidManifest.xml:124:61-94
141            <meta-data
141-->src/main/AndroidManifest.xml:126:13-127:56
142                android:name="android.support.customtabs.trusted.FALLBACK_STRATEGY"
142-->src/main/AndroidManifest.xml:126:24-91
143                android:value="@string/fallbackType" />
143-->src/main/AndroidManifest.xml:127:17-53
144            <meta-data
144-->src/main/AndroidManifest.xml:133:13-134:54
145                android:name="android.support.customtabs.trusted.SCREEN_ORIENTATION"
145-->src/main/AndroidManifest.xml:133:24-92
146                android:value="@string/orientation" />
146-->src/main/AndroidManifest.xml:134:17-52
147
148            <intent-filter>
148-->src/main/AndroidManifest.xml:142:13-145:29
149                <action android:name="android.intent.action.MAIN" />
149-->src/main/AndroidManifest.xml:143:17-69
149-->src/main/AndroidManifest.xml:143:25-66
150
151                <category android:name="android.intent.category.LAUNCHER" />
151-->src/main/AndroidManifest.xml:144:17-77
151-->src/main/AndroidManifest.xml:144:27-74
152            </intent-filter>
153            <intent-filter android:autoVerify="true" >
153-->src/main/AndroidManifest.xml:147:13-155:29
153-->src/main/AndroidManifest.xml:147:28-53
154                <action android:name="android.intent.action.VIEW" />
154-->src/main/AndroidManifest.xml:148:17-68
154-->src/main/AndroidManifest.xml:148:25-66
155
156                <category android:name="android.intent.category.DEFAULT" />
156-->src/main/AndroidManifest.xml:74:21-80
156-->src/main/AndroidManifest.xml:74:31-77
157                <category android:name="android.intent.category.BROWSABLE" />
157-->src/main/AndroidManifest.xml:150:17-77
157-->src/main/AndroidManifest.xml:150:27-75
158
159                <data
159-->src/main/AndroidManifest.xml:151:17-154:19
160                    android:host="@string/hostName"
160-->src/main/AndroidManifest.xml:152:21-52
161                    android:scheme="https" />
161-->src/main/AndroidManifest.xml:151:23-45
162            </intent-filter>
163        </activity>
164        <activity android:name="com.google.androidbrowserhelper.trusted.FocusActivity" />
164-->src/main/AndroidManifest.xml:162:9-90
164-->src/main/AndroidManifest.xml:162:19-87
165        <activity
165-->src/main/AndroidManifest.xml:164:9-165:62
166            android:name="com.google.androidbrowserhelper.trusted.WebViewFallbackActivity"
166-->src/main/AndroidManifest.xml:164:19-97
167            android:configChanges="orientation|screenSize" />
167-->src/main/AndroidManifest.xml:165:13-59
168
169        <provider
169-->src/main/AndroidManifest.xml:167:9-175:20
170            android:name="androidx.core.content.FileProvider"
170-->src/main/AndroidManifest.xml:168:13-62
171            android:authorities="@string/providerAuthority"
171-->src/main/AndroidManifest.xml:169:13-60
172            android:exported="false"
172-->src/main/AndroidManifest.xml:171:13-37
173            android:grantUriPermissions="true" >
173-->src/main/AndroidManifest.xml:170:13-47
174            <meta-data
174-->src/main/AndroidManifest.xml:172:13-174:53
175                android:name="android.support.FILE_PROVIDER_PATHS"
175-->src/main/AndroidManifest.xml:173:17-67
176                android:resource="@xml/filepaths" />
176-->src/main/AndroidManifest.xml:174:17-50
177        </provider>
178
179        <service
179-->src/main/AndroidManifest.xml:177:9-192:19
180            android:name="id.web.amifistore.twa.DelegationService"
180-->src/main/AndroidManifest.xml:178:13-46
181            android:enabled="@bool/enableNotification"
181-->src/main/AndroidManifest.xml:179:13-55
182            android:exported="@bool/enableNotification" >
182-->src/main/AndroidManifest.xml:180:13-56
183            <meta-data
183-->src/main/AndroidManifest.xml:183:17-185:73
184                android:name="android.support.customtabs.trusted.SMALL_ICON"
184-->src/main/AndroidManifest.xml:184:21-81
185                android:resource="@drawable/ic_notification_icon" />
185-->src/main/AndroidManifest.xml:185:21-70
186
187            <intent-filter>
187-->src/main/AndroidManifest.xml:188:13-191:29
188                <action android:name="android.support.customtabs.trusted.TRUSTED_WEB_ACTIVITY_SERVICE" />
188-->src/main/AndroidManifest.xml:189:17-105
188-->src/main/AndroidManifest.xml:189:25-103
189
190                <category android:name="android.intent.category.DEFAULT" />
190-->src/main/AndroidManifest.xml:74:21-80
190-->src/main/AndroidManifest.xml:74:31-77
191            </intent-filter>
192        </service>
193
194        <activity android:name="com.google.androidbrowserhelper.trusted.NotificationPermissionRequestActivity" />
194-->src/main/AndroidManifest.xml:195:13-118
194-->src/main/AndroidManifest.xml:195:23-115
195        <activity android:name="com.google.androidbrowserhelper.locationdelegation.PermissionRequestActivity" />
195-->src/main/AndroidManifest.xml:199:13-200:89
195-->src/main/AndroidManifest.xml:199:23-123
196        <activity
196-->src/main/AndroidManifest.xml:203:9-216:20
197            android:name="com.google.androidbrowserhelper.playbilling.provider.PaymentActivity"
197-->src/main/AndroidManifest.xml:204:13-96
198            android:configChanges="keyboardHidden|keyboard|orientation|screenLayout|screenSize"
198-->src/main/AndroidManifest.xml:206:13-96
199            android:exported="true"
199-->src/main/AndroidManifest.xml:207:13-36
200            android:theme="@android:style/Theme.Translucent.NoTitleBar" >
200-->src/main/AndroidManifest.xml:205:13-72
201            <intent-filter>
201-->src/main/AndroidManifest.xml:209:13-211:29
202                <action android:name="org.chromium.intent.action.PAY" />
202-->src/main/AndroidManifest.xml:210:17-73
202-->src/main/AndroidManifest.xml:210:25-70
203            </intent-filter>
204
205            <meta-data
205-->src/main/AndroidManifest.xml:213:13-215:67
206                android:name="org.chromium.default_payment_method_name"
206-->src/main/AndroidManifest.xml:214:17-72
207                android:value="https://play.google.com/billing" />
207-->src/main/AndroidManifest.xml:215:17-64
208        </activity>
209
210        <!-- This service checks who calls it at runtime. -->
211        <service
211-->src/main/AndroidManifest.xml:219:9-225:19
212            android:name="com.google.androidbrowserhelper.playbilling.provider.PaymentService"
212-->src/main/AndroidManifest.xml:220:13-95
213            android:exported="true" >
213-->src/main/AndroidManifest.xml:221:13-36
214            <intent-filter>
214-->src/main/AndroidManifest.xml:222:13-224:29
215                <action android:name="org.chromium.intent.action.IS_READY_TO_PAY" />
215-->src/main/AndroidManifest.xml:223:17-85
215-->src/main/AndroidManifest.xml:223:25-82
216            </intent-filter>
217        </service>
218
219        <meta-data
219-->[com.android.billingclient:billing:7.1.1] AndroidManifest.xml:22:9-24:37
220            android:name="com.google.android.play.billingclient.version"
220-->[com.android.billingclient:billing:7.1.1] AndroidManifest.xml:23:13-73
221            android:value="7.1.1" />
221-->[com.android.billingclient:billing:7.1.1] AndroidManifest.xml:24:13-34
222
223        <activity
223-->[com.android.billingclient:billing:7.1.1] AndroidManifest.xml:26:9-30:75
224            android:name="com.android.billingclient.api.ProxyBillingActivity"
224-->[com.android.billingclient:billing:7.1.1] AndroidManifest.xml:27:13-78
225            android:configChanges="keyboard|keyboardHidden|screenLayout|screenSize|orientation"
225-->[com.android.billingclient:billing:7.1.1] AndroidManifest.xml:28:13-96
226            android:exported="false"
226-->[com.android.billingclient:billing:7.1.1] AndroidManifest.xml:29:13-37
227            android:theme="@android:style/Theme.Translucent.NoTitleBar" />
227-->[com.android.billingclient:billing:7.1.1] AndroidManifest.xml:30:13-72
228        <activity
228-->[com.android.billingclient:billing:7.1.1] AndroidManifest.xml:31:9-35:75
229            android:name="com.android.billingclient.api.ProxyBillingActivityV2"
229-->[com.android.billingclient:billing:7.1.1] AndroidManifest.xml:32:13-80
230            android:configChanges="keyboard|keyboardHidden|screenLayout|screenSize|orientation"
230-->[com.android.billingclient:billing:7.1.1] AndroidManifest.xml:33:13-96
231            android:exported="false"
231-->[com.android.billingclient:billing:7.1.1] AndroidManifest.xml:34:13-37
232            android:theme="@android:style/Theme.Translucent.NoTitleBar" />
232-->[com.android.billingclient:billing:7.1.1] AndroidManifest.xml:35:13-72
233        <activity
233-->[com.google.android.gms:play-services-base:18.5.0] AndroidManifest.xml:5:9-173
234            android:name="com.google.android.gms.common.api.GoogleApiActivity"
234-->[com.google.android.gms:play-services-base:18.5.0] AndroidManifest.xml:5:19-85
235            android:exported="false"
235-->[com.google.android.gms:play-services-base:18.5.0] AndroidManifest.xml:5:146-170
236            android:theme="@android:style/Theme.Translucent.NoTitleBar" />
236-->[com.google.android.gms:play-services-base:18.5.0] AndroidManifest.xml:5:86-145
237
238        <meta-data
238-->[com.google.android.gms:play-services-basement:18.4.0] AndroidManifest.xml:6:9-122
239            android:name="com.google.android.gms.version"
239-->[com.google.android.gms:play-services-basement:18.4.0] AndroidManifest.xml:6:20-65
240            android:value="@integer/google_play_services_version" />
240-->[com.google.android.gms:play-services-basement:18.4.0] AndroidManifest.xml:6:66-119
241
242        <provider
242-->[androidx.emoji2:emoji2:1.3.0] AndroidManifest.xml:24:9-32:20
243            android:name="androidx.startup.InitializationProvider"
243-->[androidx.emoji2:emoji2:1.3.0] AndroidManifest.xml:25:13-67
244            android:authorities="id.web.amifistore.twa.androidx-startup"
244-->[androidx.emoji2:emoji2:1.3.0] AndroidManifest.xml:26:13-68
245            android:exported="false" >
245-->[androidx.emoji2:emoji2:1.3.0] AndroidManifest.xml:27:13-37
246            <meta-data
246-->[androidx.emoji2:emoji2:1.3.0] AndroidManifest.xml:29:13-31:52
247                android:name="androidx.emoji2.text.EmojiCompatInitializer"
247-->[androidx.emoji2:emoji2:1.3.0] AndroidManifest.xml:30:17-75
248                android:value="androidx.startup" />
248-->[androidx.emoji2:emoji2:1.3.0] AndroidManifest.xml:31:17-49
249            <meta-data
249-->[androidx.lifecycle:lifecycle-process:2.6.2] AndroidManifest.xml:29:13-31:52
250                android:name="androidx.lifecycle.ProcessLifecycleInitializer"
250-->[androidx.lifecycle:lifecycle-process:2.6.2] AndroidManifest.xml:30:17-78
251                android:value="androidx.startup" />
251-->[androidx.lifecycle:lifecycle-process:2.6.2] AndroidManifest.xml:31:17-49
252            <meta-data
252-->[androidx.profileinstaller:profileinstaller:1.3.1] AndroidManifest.xml:29:13-31:52
253                android:name="androidx.profileinstaller.ProfileInstallerInitializer"
253-->[androidx.profileinstaller:profileinstaller:1.3.1] AndroidManifest.xml:30:17-85
254                android:value="androidx.startup" />
254-->[androidx.profileinstaller:profileinstaller:1.3.1] AndroidManifest.xml:31:17-49
255        </provider>
256
257        <service
257-->[com.google.android.datatransport:transport-backend-cct:3.1.8] AndroidManifest.xml:28:9-34:19
258            android:name="com.google.android.datatransport.runtime.backends.TransportBackendDiscovery"
258-->[com.google.android.datatransport:transport-backend-cct:3.1.8] AndroidManifest.xml:29:13-103
259            android:exported="false" >
259-->[com.google.android.datatransport:transport-backend-cct:3.1.8] AndroidManifest.xml:30:13-37
260            <meta-data
260-->[com.google.android.datatransport:transport-backend-cct:3.1.8] AndroidManifest.xml:31:13-33:39
261                android:name="backend:com.google.android.datatransport.cct.CctBackendFactory"
261-->[com.google.android.datatransport:transport-backend-cct:3.1.8] AndroidManifest.xml:32:17-94
262                android:value="cct" />
262-->[com.google.android.datatransport:transport-backend-cct:3.1.8] AndroidManifest.xml:33:17-36
263        </service>
264        <service
264-->[com.google.android.datatransport:transport-runtime:3.1.8] AndroidManifest.xml:26:9-30:19
265            android:name="com.google.android.datatransport.runtime.scheduling.jobscheduling.JobInfoSchedulerService"
265-->[com.google.android.datatransport:transport-runtime:3.1.8] AndroidManifest.xml:27:13-117
266            android:exported="false"
266-->[com.google.android.datatransport:transport-runtime:3.1.8] AndroidManifest.xml:28:13-37
267            android:permission="android.permission.BIND_JOB_SERVICE" >
267-->[com.google.android.datatransport:transport-runtime:3.1.8] AndroidManifest.xml:29:13-69
268        </service>
269
270        <receiver
270-->[com.google.android.datatransport:transport-runtime:3.1.8] AndroidManifest.xml:32:9-34:40
271            android:name="com.google.android.datatransport.runtime.scheduling.jobscheduling.AlarmManagerSchedulerBroadcastReceiver"
271-->[com.google.android.datatransport:transport-runtime:3.1.8] AndroidManifest.xml:33:13-132
272            android:exported="false" />
272-->[com.google.android.datatransport:transport-runtime:3.1.8] AndroidManifest.xml:34:13-37
273        <receiver
273-->[androidx.profileinstaller:profileinstaller:1.3.1] AndroidManifest.xml:34:9-52:20
274            android:name="androidx.profileinstaller.ProfileInstallReceiver"
274-->[androidx.profileinstaller:profileinstaller:1.3.1] AndroidManifest.xml:35:13-76
275            android:directBootAware="false"
275-->[androidx.profileinstaller:profileinstaller:1.3.1] AndroidManifest.xml:36:13-44
276            android:enabled="true"
276-->[androidx.profileinstaller:profileinstaller:1.3.1] AndroidManifest.xml:37:13-35
277            android:exported="true"
277-->[androidx.profileinstaller:profileinstaller:1.3.1] AndroidManifest.xml:38:13-36
278            android:permission="android.permission.DUMP" >
278-->[androidx.profileinstaller:profileinstaller:1.3.1] AndroidManifest.xml:39:13-57
279            <intent-filter>
279-->[androidx.profileinstaller:profileinstaller:1.3.1] AndroidManifest.xml:40:13-42:29
280                <action android:name="androidx.profileinstaller.action.INSTALL_PROFILE" />
280-->[androidx.profileinstaller:profileinstaller:1.3.1] AndroidManifest.xml:41:17-91
280-->[androidx.profileinstaller:profileinstaller:1.3.1] AndroidManifest.xml:41:25-88
281            </intent-filter>
282            <intent-filter>
282-->[androidx.profileinstaller:profileinstaller:1.3.1] AndroidManifest.xml:43:13-45:29
283                <action android:name="androidx.profileinstaller.action.SKIP_FILE" />
283-->[androidx.profileinstaller:profileinstaller:1.3.1] AndroidManifest.xml:44:17-85
283-->[androidx.profileinstaller:profileinstaller:1.3.1] AndroidManifest.xml:44:25-82
284            </intent-filter>
285            <intent-filter>
285-->[androidx.profileinstaller:profileinstaller:1.3.1] AndroidManifest.xml:46:13-48:29
286                <action android:name="androidx.profileinstaller.action.SAVE_PROFILE" />
286-->[androidx.profileinstaller:profileinstaller:1.3.1] AndroidManifest.xml:47:17-88
286-->[androidx.profileinstaller:profileinstaller:1.3.1] AndroidManifest.xml:47:25-85
287            </intent-filter>
288            <intent-filter>
288-->[androidx.profileinstaller:profileinstaller:1.3.1] AndroidManifest.xml:49:13-51:29
289                <action android:name="androidx.profileinstaller.action.BENCHMARK_OPERATION" />
289-->[androidx.profileinstaller:profileinstaller:1.3.1] AndroidManifest.xml:50:17-95
289-->[androidx.profileinstaller:profileinstaller:1.3.1] AndroidManifest.xml:50:25-92
290            </intent-filter>
291        </receiver>
292    </application>
293
294</manifest>